<?xml version="1.0" encoding="UTF-8"?>
<testng-results skipped="0" failed="0" ignored="0" total="2" passed="2">
  <reporter-output>
  </reporter-output>
  <suite name="Default suite" duration-ms="3713" started-at="2018-12-25T19:14:38Z" finished-at="2018-12-25T19:14:41Z">
    <groups>
    </groups>
    <test name="Default test" duration-ms="3713" started-at="2018-12-25T19:14:38Z" finished-at="2018-12-25T19:14:41Z">
      <class name="com.qa.tests.GetAPITest">
        <test-method status="PASS" signature="setUP()[pri:0, instance:com.qa.tests.GetAPITest@735b5592]" name="setUP" is-config="true" duration-ms="6" started-at="2018-12-25T19:14:38Z" finished-at="2018-12-25T19:14:38Z">
          <reporter-output>
          </reporter-output>
        </test-method> <!-- setUP -->
        <test-method status="PASS" signature="getTest()[pri:0, instance:com.qa.tests.GetAPITest@735b5592]" name="getTest" duration-ms="2235" started-at="2018-12-25T19:14:38Z" finished-at="2018-12-25T19:14:40Z">
          <reporter-output>
          </reporter-output>
        </test-method> <!-- getTest -->
        <test-method status="PASS" signature="setUP()[pri:0, instance:com.qa.tests.GetAPITest@735b5592]" name="setUP" is-config="true" duration-ms="0" started-at="2018-12-25T19:14:40Z" finished-at="2018-12-25T19:14:40Z">
          <reporter-output>
          </reporter-output>
        </test-method> <!-- setUP -->
        <test-method status="PASS" signature="getTestwithHeader()[pri:0, instance:com.qa.tests.GetAPITest@735b5592]" name="getTestwithHeader" duration-ms="1430" started-at="2018-12-25T19:14:40Z" finished-at="2018-12-25T19:14:41Z">
          <reporter-output>
          </reporter-output>
        </test-method> <!-- getTestwithHeader -->
      </class> <!-- com.qa.tests.GetAPITest -->
    </test> <!-- Default test -->
  </suite> <!-- Default suite -->
</testng-results>
