<?xml version="1.0" encoding="UTF-8"?>
<testng-results skipped="0" failed="0" ignored="0" total="1" passed="1">
  <reporter-output>
  </reporter-output>
  <suite name="Default suite" duration-ms="2031" started-at="2018-12-28T12:30:48Z" finished-at="2018-12-28T12:30:50Z">
    <groups>
    </groups>
    <test name="Default test" duration-ms="2031" started-at="2018-12-28T12:30:48Z" finished-at="2018-12-28T12:30:50Z">
      <class name="com.qa.tests.PostAPITest">
        <test-method status="PASS" signature="setUP()[pri:0, instance:com.qa.tests.PostAPITest@1593948d]" name="setUP" is-config="true" duration-ms="9" started-at="2018-12-28T12:30:48Z" finished-at="2018-12-28T12:30:48Z">
          <reporter-output>
          </reporter-output>
        </test-method> <!-- setUP -->
        <test-method status="PASS" signature="postApiTest()[pri:0, instance:com.qa.tests.PostAPITest@1593948d]" name="postApiTest" duration-ms="1993" started-at="2018-12-28T12:30:48Z" finished-at="2018-12-28T12:30:50Z">
          <reporter-output>
          </reporter-output>
        </test-method> <!-- postApiTest -->
      </class> <!-- com.qa.tests.PostAPITest -->
    </test> <!-- Default test -->
  </suite> <!-- Default suite -->
</testng-results>
